2024/06/08 14:25:53 - mmengine - INFO - 
------------------------------------------------------------
System environment:
    sys.platform: linux
    Python: 3.8.16 (default, Mar  2 2023, 03:21:46) [GCC 11.2.0]
    CUDA available: True
    numpy_random_seed: 906383165
    GPU 0: NVIDIA RTX A4000
    CUDA_HOME: /usr/local/cuda
    NVCC: Cuda compilation tools, release 11.3, V11.3.109
    GCC: gcc (Ubuntu 9.5.0-1ubuntu1~22.04) 9.5.0
    PyTorch: 1.12.0
    PyTorch compiling details: PyTorch built with:
  - GCC 9.3
  - C++ Version: 201402
  - Intel(R) oneAPI Math Kernel Library Version 2021.4-Product Build 20210904 for Intel(R) 64 architecture applications
  - Intel(R) MKL-DNN v2.6.0 (Git Hash 52b5f107dd9cf10910aaa19cb47f3abf9b349815)
  - OpenMP 201511 (a.k.a. OpenMP 4.5)
  - LAPACK is enabled (usually provided by MKL)
  - NNPACK is enabled
  - CPU capability usage: AVX2
  - CUDA Runtime 11.3
  - NVCC architecture flags: -gencode;arch=compute_37,code=sm_37;-gencode;arch=compute_50,code=sm_50;-gencode;arch=compute_60,code=sm_60;-gencode;arch=compute_61,code=sm_61;-gencode;arch=compute_70,code=sm_70;-gencode;arch=compute_75,code=sm_75;-gencode;arch=compute_80,code=sm_80;-gencode;arch=compute_86,code=sm_86;-gencode;arch=compute_37,code=compute_37
  - CuDNN 8.3.2  (built against CUDA 11.5)
  - Magma 2.5.2
  - Build settings: BLAS_INFO=mkl, BUILD_TYPE=Release, CUDA_VERSION=11.3, CUDNN_VERSION=8.3.2, CXX_COMPILER=/opt/rh/devtoolset-9/root/usr/bin/c++, CXX_FLAGS= -Wno-deprecated -fvisibility-inlines-hidden -DUSE_PTHREADPOOL -fopenmp -DNDEBUG -DUSE_KINETO -DUSE_FBGEMM -DUSE_QNNPACK -DUSE_PYTORCH_QNNPACK -DUSE_XNNPACK -DSYMBOLICATE_MOBILE_DEBUG_HANDLE -DEDGE_PROFILER_USE_KINETO -O2 -fPIC -Wno-narrowing -Wall -Wextra -Werror=return-type -Wno-missing-field-initializers -Wno-type-limits -Wno-array-bounds -Wno-unknown-pragmas -Wno-unused-parameter -Wno-unused-function -Wno-unused-result -Wno-unused-local-typedefs -Wno-strict-overflow -Wno-strict-aliasing -Wno-error=deprecated-declarations -Wno-stringop-overflow -Wno-psabi -Wno-error=pedantic -Wno-error=redundant-decls -Wno-error=old-style-cast -fdiagnostics-color=always -faligned-new -Wno-unused-but-set-variable -Wno-maybe-uninitialized -fno-math-errno -fno-trapping-math -Werror=format -Werror=cast-function-type -Wno-stringop-overflow, LAPACK_INFO=mkl, PERF_WITH_AVX=1, PERF_WITH_AVX2=1, PERF_WITH_AVX512=1, TORCH_VERSION=1.12.0, USE_CUDA=ON, USE_CUDNN=ON, USE_EXCEPTION_PTR=1, USE_GFLAGS=OFF, USE_GLOG=OFF, USE_MKL=ON, USE_MKLDNN=OFF, USE_MPI=OFF, USE_NCCL=ON, USE_NNPACK=ON, USE_OPENMP=ON, USE_ROCM=OFF, 

    TorchVision: 0.13.0
    OpenCV: 4.7.0
    MMEngine: 0.8.4

Runtime environment:
    cudnn_benchmark: True
    mp_cfg: {'mp_start_method': 'fork', 'opencv_num_threads': 0}
    dist_cfg: {'backend': 'nccl'}
    seed: 906383165
    Distributed launcher: none
    Distributed training: False
    GPU number: 1
------------------------------------------------------------

2024/06/08 14:25:54 - mmengine - INFO - Config:
custom_hooks = [
    dict(
        after_epoch=True,
        after_iter=False,
        before_epoch=False,
        type='mmengine.hooks.EmptyCacheHook'),
    dict(
        eta_min=0.5,
        gamma=0.0005,
        loss_names=[
            'loss_dsd3',
        ],
        type='seg.engine.hooks.schedule_hook.DistillLossWeightScheduleHookV2'),
]
dataloader_cfg = dict(
    RandFlipd_prob=0.2,
    RandRotate90d_prob=0.2,
    RandScaleIntensityd_prob=0.1,
    RandShiftIntensityd_prob=0.1,
    a_max=250,
    a_min=-175.0,
    b_max=1.0,
    b_min=0.0,
    batch_size=1,
    data_dir='data/synapse_raw',
    data_name='BTCV',
    distributed=False,
    json_list='dataset_0.json',
    meta_info='seg.datasets.monai_dataset.SYNAPSE_METAINFO',
    num_samples=4,
    roi_x=96,
    roi_y=96,
    roi_z=96,
    space_x=1.5,
    space_y=1.5,
    space_z=2.0,
    train_case_nums=24,
    use_normal_dataset=True,
    use_test_data=False,
    workers=8)
default_hooks = dict(
    checkpoint=dict(
        by_epoch=True,
        interval=10,
        max_keep_ckpts=1,
        rule='greater',
        save_best=[
            'Dice',
        ],
        type='seg.engine.hooks.MyCheckpointHook'),
    logger=dict(
        interval=10,
        type='seg.engine.hooks.logger_hook.MyLoggerHook',
        val_interval=1),
    param_scheduler=dict(type='mmengine.hooks.ParamSchedulerHook'),
    sampler_seed=dict(type='mmengine.hooks.DistSamplerSeedHook'),
    timer=dict(type='mmengine.hooks.IterTimerHook'),
    visualization=dict(type='mmseg.engine.hooks.SegVisualizationHook'))
default_scope = None
env_cfg = dict(
    cudnn_benchmark=True,
    dist_cfg=dict(backend='nccl'),
    mp_cfg=dict(mp_start_method='fork', opencv_num_threads=0))
find_unused_parameters = True
launcher = 'none'
load_from = 'work_dirs/stage3_eta050_swinunetr_base_espnetv2_1000e_sgd_synapse_96x96x96/3-run_20240605_134106/run1/best_Dice_71-15_epoch_1000.pth'
log_level = 'INFO'
log_processor = dict(by_epoch=True)
model = dict(
    architecture=dict(
        cfg_path=dict(
            backbone=dict(
                args=dict(channels=1, num_classes=14, s=1.0),
                classes=14,
                type='seg.models.nets.espnetv2.ESPNetv2Segmentation'),
            infer_cfg=dict(
                inf_size=[
                    96,
                    96,
                    96,
                ], infer_overlap=0.5, sw_batch_size=4),
            loss_functions=dict(
                softmax=True, to_onehot_y=True,
                type='monai.losses.DiceCELoss'),
            num_classes=14,
            roi_shapes=[
                96,
                96,
                96,
            ],
            type='seg.models.segmentors.monai_model.MonaiSeg'),
        pretrained=False),
    distiller=dict(
        distill_losses=dict(
            loss_dsd3=dict(
                cur_stage=3,
                in_chans=14,
                loss_weight=1.0,
                num_classes=14,
                num_stages=3,
                type='razor.models.losses.dsd.DSDLoss8')),
        loss_forward_mappings=dict(
            loss_dsd3=dict(
                feat_student=dict(from_student=True, recorder='logits'),
                label=dict(
                    data_idx=1, from_student=True, recorder='gt_labels'),
                logits_teacher=dict(from_student=False, recorder='logits'))),
        student_recorders=dict(
            feat1=dict(
                source='segmentor.backbone.bu_dec_l2',
                type=
                'mmrazor.models.task_modules.recorder.ModuleOutputsRecorder'),
            feat2=dict(
                source='segmentor.backbone.bu_dec_l3',
                type=
                'mmrazor.models.task_modules.recorder.ModuleOutputsRecorder'),
            gt_labels=dict(
                source='loss_functions',
                type='mmrazor.models.task_modules.recorder.ModuleInputsRecorder'
            ),
            logits=dict(
                source='segmentor',
                type=
                'mmrazor.models.task_modules.recorder.ModuleOutputsRecorder')),
        teacher_recorders=dict(
            logits=dict(
                source='segmentor',
                type=
                'mmrazor.models.task_modules.recorder.ModuleOutputsRecorder')),
        type='razor.models.distillers.ConfigurableDistiller'),
    teacher=dict(
        cfg_path=dict(
            backbone=dict(
                feature_size=48,
                img_size=[
                    96,
                    96,
                    96,
                ],
                in_channels=1,
                out_channels=14,
                spatial_dims=3,
                type='monai.networks.nets.SwinUNETR'),
            infer_cfg=dict(
                inf_size=[
                    96,
                    96,
                    96,
                ], infer_overlap=0.5, sw_batch_size=4),
            loss_functions=dict(
                softmax=True, to_onehot_y=True,
                type='monai.losses.DiceCELoss'),
            num_classes=14,
            roi_shapes=[
                96,
                96,
                96,
            ],
            type='seg.models.segmentors.monai_model.MonaiSeg'),
        pretrained=False),
    teacher_ckpt=
    'ckpts/swin_unetr.base_5000ep_f48_lr2e-4_pretrained_mmengine.pth',
    type='razor.models.algorithms.SingleTeacherDistill')
optim_wrapper = dict(
    clip_grad=None,
    optimizer=dict(
        lr=0.01, momentum=0.9, type='torch.optim.SGD', weight_decay=0.0005),
    type='mmengine.optim.OptimWrapper')
optimizer = dict(
    lr=0.01, momentum=0.9, type='torch.optim.SGD', weight_decay=0.0005)
param_scheduler = [
    dict(
        begin=0,
        by_epoch=True,
        end=1000,
        power=0.9,
        type='mmengine.optim.scheduler.PolyLR'),
]
resume = False
roi = [
    96,
    96,
    96,
]
runner_type = 'seg.engine.runner.monai_runner.MonaiRunner'
save = True
student_model = dict(
    backbone=dict(
        args=dict(channels=1, num_classes=14, s=1.0),
        classes=14,
        type='seg.models.nets.espnetv2.ESPNetv2Segmentation'),
    infer_cfg=dict(
        inf_size=[
            96,
            96,
            96,
        ], infer_overlap=0.5, sw_batch_size=4),
    loss_functions=dict(
        softmax=True, to_onehot_y=True, type='monai.losses.DiceCELoss'),
    num_classes=14,
    roi_shapes=[
        96,
        96,
        96,
    ],
    type='seg.models.segmentors.monai_model.MonaiSeg')
teacher_ckpt = 'ckpts/swin_unetr.base_5000ep_f48_lr2e-4_pretrained_mmengine.pth'
teacher_model = dict(
    backbone=dict(
        feature_size=48,
        img_size=[
            96,
            96,
            96,
        ],
        in_channels=1,
        out_channels=14,
        spatial_dims=3,
        type='monai.networks.nets.SwinUNETR'),
    infer_cfg=dict(
        inf_size=[
            96,
            96,
            96,
        ], infer_overlap=0.5, sw_batch_size=4),
    loss_functions=dict(
        softmax=True, to_onehot_y=True, type='monai.losses.DiceCELoss'),
    num_classes=14,
    roi_shapes=[
        96,
        96,
        96,
    ],
    type='seg.models.segmentors.monai_model.MonaiSeg')
test_cfg = dict(type='seg.engine.runner.monai_loops.MonaiTestLoop')
test_evaluator = dict(
    metrics=dict(
        metrics=[
            'Dice',
            'HD95',
        ],
        num_classes=14,
        type='seg.evaluation.metrics.monai_metric.MonaiMetric'),
    type='seg.evaluation.monai_evaluator.MonaiEvaluator')
test_mode = True
train_cfg = dict(
    max_epochs=1000,
    type='mmengine.runner.loops.EpochBasedTrainLoop',
    val_begin=200,
    val_interval=50)
val_cfg = dict(type='seg.engine.runner.monai_loops.MonaiValLoop')
val_evaluator = dict(
    metrics=dict(
        metrics=[
            'Dice',
            'HD95',
        ],
        num_classes=14,
        type='seg.evaluation.metrics.monai_metric.MonaiMetric'),
    type='seg.evaluation.monai_evaluator.MonaiEvaluator')
vis_backends = [
    dict(type='mmengine.visualization.vis_backend.LocalVisBackend'),
    dict(
        define_metric_cfg=dict(Dice='max'),
        init_kwargs=dict(name='exp', project='mmsegmentation'),
        type='mmengine.visualization.vis_backend.WandbVisBackend'),
]
visualizer = dict(
    name='visualizer',
    type='mmseg.visualization.local_visualizer.SegLocalVisualizer',
    vis_backends=[
        dict(type='mmengine.visualization.vis_backend.LocalVisBackend'),
        dict(
            define_metric_cfg=dict(Dice='max'),
            init_kwargs=dict(name='exp', project='mmsegmentation'),
            type='mmengine.visualization.vis_backend.WandbVisBackend'),
    ])
work_dir = './save_dirs/stage3_eta050_swinunetr_base_espnetv2_1000e_sgd_synapse_96x96x96'

2024/06/08 14:25:58 - mmengine - INFO - Distributed training is not used, all SyncBatchNorm (SyncBN) layers in the model will be automatically reverted to BatchNormXd layers if they are used.
2024/06/08 14:25:58 - mmengine - INFO - Hooks will be executed in the following order:
before_run:
(VERY_HIGH   ) RuntimeInfoHook                    
(BELOW_NORMAL) MyLoggerHook                       
 -------------------- 
before_train:
(VERY_HIGH   ) RuntimeInfoHook                    
(NORMAL      ) IterTimerHook                      
(NORMAL      ) DistillLossWeightScheduleHookV2    
(VERY_LOW    ) MyCheckpointHook                   
 -------------------- 
before_train_epoch:
(VERY_HIGH   ) RuntimeInfoHook                    
(NORMAL      ) IterTimerHook                      
(NORMAL      ) DistSamplerSeedHook                
(NORMAL      ) EmptyCacheHook                     
 -------------------- 
before_train_iter:
(VERY_HIGH   ) RuntimeInfoHook                    
(NORMAL      ) IterTimerHook                      
 -------------------- 
after_train_iter:
(VERY_HIGH   ) RuntimeInfoHook                    
(NORMAL      ) IterTimerHook                      
(NORMAL      ) SegVisualizationHook               
(NORMAL      ) EmptyCacheHook                     
(BELOW_NORMAL) MyLoggerHook                       
(LOW         ) ParamSchedulerHook                 
(VERY_LOW    ) MyCheckpointHook                   
 -------------------- 
after_train_epoch:
(NORMAL      ) IterTimerHook                      
(NORMAL      ) EmptyCacheHook                     
(NORMAL      ) DistillLossWeightScheduleHookV2    
(LOW         ) ParamSchedulerHook                 
(VERY_LOW    ) MyCheckpointHook                   
 -------------------- 
before_val:
(VERY_HIGH   ) RuntimeInfoHook                    
 -------------------- 
before_val_epoch:
(NORMAL      ) IterTimerHook                      
(NORMAL      ) EmptyCacheHook                     
 -------------------- 
before_val_iter:
(NORMAL      ) IterTimerHook                      
 -------------------- 
after_val_iter:
(NORMAL      ) IterTimerHook                      
(NORMAL      ) SegVisualizationHook               
(NORMAL      ) EmptyCacheHook                     
(BELOW_NORMAL) MyLoggerHook                       
 -------------------- 
after_val_epoch:
(VERY_HIGH   ) RuntimeInfoHook                    
(NORMAL      ) IterTimerHook                      
(NORMAL      ) EmptyCacheHook                     
(BELOW_NORMAL) MyLoggerHook                       
(LOW         ) ParamSchedulerHook                 
(VERY_LOW    ) MyCheckpointHook                   
 -------------------- 
after_val:
(VERY_HIGH   ) RuntimeInfoHook                    
 -------------------- 
after_train:
(VERY_HIGH   ) RuntimeInfoHook                    
(VERY_LOW    ) MyCheckpointHook                   
 -------------------- 
before_test:
(VERY_HIGH   ) RuntimeInfoHook                    
 -------------------- 
before_test_epoch:
(NORMAL      ) IterTimerHook                      
(NORMAL      ) EmptyCacheHook                     
 -------------------- 
before_test_iter:
(NORMAL      ) IterTimerHook                      
 -------------------- 
after_test_iter:
(NORMAL      ) IterTimerHook                      
(NORMAL      ) SegVisualizationHook               
(NORMAL      ) EmptyCacheHook                     
(BELOW_NORMAL) MyLoggerHook                       
 -------------------- 
after_test_epoch:
(VERY_HIGH   ) RuntimeInfoHook                    
(NORMAL      ) IterTimerHook                      
(NORMAL      ) EmptyCacheHook                     
(BELOW_NORMAL) MyLoggerHook                       
 -------------------- 
after_test:
(VERY_HIGH   ) RuntimeInfoHook                    
 -------------------- 
after_run:
(BELOW_NORMAL) MyLoggerHook                       
 -------------------- 
2024/06/08 14:25:59 - mmengine - WARNING - The prefix is not set in metric class MonaiMetric.
2024/06/08 14:25:59 - mmengine - INFO - Load checkpoint from work_dirs/stage3_eta050_swinunetr_base_espnetv2_1000e_sgd_synapse_96x96x96/3-run_20240605_134106/run1/best_Dice_71-15_epoch_1000.pth
2024/06/08 14:26:06 - mmengine - INFO - Prediction is saved at:
2024/06/08 14:26:06 - mmengine - INFO - /home/jz207/workspace/zhangdw/monai_mmengine/save_dirs/stage3_eta050_swinunetr_base_espnetv2_1000e_sgd_synapse_96x96x96/20240608_142553/predictions/pred0035.nii.gz
2024/06/08 14:26:06 - mmengine - INFO - Epoch(test) [1/6]    eta: 0:00:32  time: 6.5170  data_time: 3.0606  memory: 2980  
2024/06/08 14:26:07 - mmengine - INFO - Prediction is saved at:
2024/06/08 14:26:07 - mmengine - INFO - /home/jz207/workspace/zhangdw/monai_mmengine/save_dirs/stage3_eta050_swinunetr_base_espnetv2_1000e_sgd_synapse_96x96x96/20240608_142553/predictions/pred0036.nii.gz
2024/06/08 14:26:07 - mmengine - INFO - Epoch(test) [2/6]    eta: 0:00:16  time: 4.1351  data_time: 1.5308  memory: 2484  
2024/06/08 14:26:09 - mmengine - INFO - Prediction is saved at:
2024/06/08 14:26:09 - mmengine - INFO - /home/jz207/workspace/zhangdw/monai_mmengine/save_dirs/stage3_eta050_swinunetr_base_espnetv2_1000e_sgd_synapse_96x96x96/20240608_142553/predictions/pred0037.nii.gz
2024/06/08 14:26:09 - mmengine - INFO - Epoch(test) [3/6]    eta: 0:00:09  time: 3.1972  data_time: 1.0208  memory: 1980  
2024/06/08 14:26:11 - mmengine - INFO - Prediction is saved at:
2024/06/08 14:26:11 - mmengine - INFO - /home/jz207/workspace/zhangdw/monai_mmengine/save_dirs/stage3_eta050_swinunetr_base_espnetv2_1000e_sgd_synapse_96x96x96/20240608_142553/predictions/pred0038.nii.gz
2024/06/08 14:26:11 - mmengine - INFO - Epoch(test) [4/6]    eta: 0:00:05  time: 2.8639  data_time: 0.7658  memory: 3513  
2024/06/08 14:26:12 - mmengine - INFO - Prediction is saved at:
2024/06/08 14:26:12 - mmengine - INFO - /home/jz207/workspace/zhangdw/monai_mmengine/save_dirs/stage3_eta050_swinunetr_base_espnetv2_1000e_sgd_synapse_96x96x96/20240608_142553/predictions/pred0039.nii.gz
2024/06/08 14:26:12 - mmengine - INFO - Epoch(test) [5/6]    eta: 0:00:02  time: 2.5920  data_time: 0.6128  memory: 3179  
2024/06/08 14:26:14 - mmengine - INFO - Prediction is saved at:
2024/06/08 14:26:14 - mmengine - INFO - /home/jz207/workspace/zhangdw/monai_mmengine/save_dirs/stage3_eta050_swinunetr_base_espnetv2_1000e_sgd_synapse_96x96x96/20240608_142553/predictions/pred0040.nii.gz
2024/06/08 14:26:14 - mmengine - INFO - Epoch(test) [6/6]    eta: 0:00:00  time: 2.4939  data_time: 0.5108  memory: 2597  
2024/06/08 14:26:14 - mmengine - WARNING - MonaiMetric got empty `self.results`. Please ensure that the processed results are properly added into `self.results` in `process` method.
2024/06/08 14:26:14 - mmengine - INFO - Epoch(test) [6/6]    data_time: 0.5108  time: 2.4939
